2020-11-09 16:09:40.079 ERROR 5763 --- [pTaskExecutor-1] com.sanevich.service.ZipDownloadService  : Caught exception

org.apache.catalina.connector.ClientAbortException: java.io.IOException: Broken pipe
	at org.apache.catalina.connector.OutputBuffer.realWriteBytes(OutputBuffer.java:351) ~[tomcat-embed-core-9.0.33.jar:9.0.33]
	at org.apache.catalina.connector.OutputBuffer.flushByteBuffer(OutputBuffer.java:776) ~[tomcat-embed-core-9.0.33.jar:9.0.33]
	at org.apache.catalina.connector.OutputBuffer.append(OutputBuffer.java:681) ~[tomcat-embed-core-9.0.33.jar:9.0.33]
	at org.apache.catalina.connector.OutputBuffer.writeBytes(OutputBuffer.java:386) ~[tomcat-embed-core-9.0.33.jar:9.0.33]
	at org.apache.catalina.connector.OutputBuffer.write(OutputBuffer.java:364) ~[tomcat-embed-core-9.0.33.jar:9.0.33]
	at org.apache.catalina.connector.CoyoteOutputStream.write(CoyoteOutputStream.java:96) ~[tomcat-embed-core-9.0.33.jar:9.0.33]
	at java.base/java.util.zip.DeflaterOutputStream.deflate(DeflaterOutputStream.java:252) ~[na:na]
	at java.base/java.util.zip.DeflaterOutputStream.write(DeflaterOutputStream.java:210) ~[na:na]
	at java.base/java.util.zip.ZipOutputStream.write(ZipOutputStream.java:331) ~[na:na]
	at com.sanevich.service.ZipDownloadService.lambda$downloadAsZip$0(ZipDownloadService.java:29) ~[classes/:na]
	at org.springframework.web.servlet.mvc.method.annotation.StreamingResponseBodyReturnValueHandler$StreamingResponseBodyTask.call(StreamingResponseBodyReturnValueHandler.java:111) ~[spring-webmvc-5.2.5.RELEASE.jar:5.2.5.RELEASE]
	at org.springframework.web.servlet.mvc.method.annotation.StreamingResponseBodyReturnValueHandler$StreamingResponseBodyTask.call(StreamingResponseBodyReturnValueHandler.java:98) ~[spring-webmvc-5.2.5.RELEASE.jar:5.2.5.RELEASE]
	at org.springframework.web.context.request.async.WebAsyncManager.lambda$startCallableProcessing$4(WebAsyncManager.java:328) ~[spring-web-5.2.5.RELEASE.jar:5.2.5.RELEASE]
	at java.base/java.util.concurrent.Executors$RunnableAdapter.call(Executors.java:515) ~[na:na]
	at java.base/java.util.concurrent.FutureTask.run(FutureTask.java:264) ~[na:na]
	at java.base/java.util.concurrent.ThreadPoolExecutor.runWorker(ThreadPoolExecutor.java:1130) ~[na:na]
	at java.base/java.util.concurrent.ThreadPoolExecutor$Worker.run(ThreadPoolExecutor.java:630) ~[na:na]
	at java.base/java.lang.Thread.run(Thread.java:832) ~[na:na]
Caused by: java.io.IOException: Broken pipe
	at java.base/sun.nio.ch.FileDispatcherImpl.write0(Native Method) ~[na:na]
	at java.base/sun.nio.ch.SocketDispatcher.write(SocketDispatcher.java:62) ~[na:na]
	at java.base/sun.nio.ch.IOUtil.writeFromNativeBuffer(IOUtil.java:113) ~[na:na]
	at java.base/sun.nio.ch.IOUtil.write(IOUtil.java:79) ~[na:na]
	at java.base/sun.nio.ch.IOUtil.write(IOUtil.java:50) ~[na:na]
	at java.base/sun.nio.ch.SocketChannelImpl.write(SocketChannelImpl.java:484) ~[na:na]
	at org.apache.tomcat.util.net.NioChannel.write(NioChannel.java:138) ~[tomcat-embed-core-9.0.33.jar:9.0.33]
	at org.apache.tomcat.util.net.NioBlockingSelector.write(NioBlockingSelector.java:101) ~[tomcat-embed-core-9.0.33.jar:9.0.33]
	at org.apache.tomcat.util.net.NioSelectorPool.write(NioSelectorPool.java:152) ~[tomcat-embed-core-9.0.33.jar:9.0.33]
	at org.apache.tomcat.util.net.NioEndpoint$NioSocketWrapper.doWrite(NioEndpoint.java:1253) ~[tomcat-embed-core-9.0.33.jar:9.0.33]
	at org.apache.tomcat.util.net.SocketWrapperBase.doWrite(SocketWrapperBase.java:740) ~[tomcat-embed-core-9.0.33.jar:9.0.33]
	at org.apache.tomcat.util.net.SocketWrapperBase.writeBlocking(SocketWrapperBase.java:560) ~[tomcat-embed-core-9.0.33.jar:9.0.33]
	at org.apache.tomcat.util.net.SocketWrapperBase.write(SocketWrapperBase.java:504) ~[tomcat-embed-core-9.0.33.jar:9.0.33]
	at org.apache.coyote.http11.Http11OutputBuffer$SocketOutputBuffer.doWrite(Http11OutputBuffer.java:538) ~[tomcat-embed-core-9.0.33.jar:9.0.33]
	at org.apache.coyote.http11.filters.ChunkedOutputFilter.doWrite(ChunkedOutputFilter.java:112) ~[tomcat-embed-core-9.0.33.jar:9.0.33]
	at org.apache.coyote.http11.Http11OutputBuffer.doWrite(Http11OutputBuffer.java:190) ~[tomcat-embed-core-9.0.33.jar:9.0.33]
	at org.apache.coyote.Response.doWrite(Response.java:601) ~[tomcat-embed-core-9.0.33.jar:9.0.33]
	at org.apache.catalina.connector.OutputBuffer.realWriteBytes(OutputBuffer.java:339) ~[tomcat-embed-core-9.0.33.jar:9.0.33]
	... 17 common frames omitted

2020-11-09 16:09:41.802  INFO 5763 --- [nio-8080-exec-3] o.a.catalina.connector.CoyoteAdapter     : Encountered a non-recycled response and recycled it forcedly.

org.apache.catalina.connector.CoyoteAdapter$RecycleRequiredException: null
	at org.apache.catalina.connector.CoyoteAdapter.checkRecycled(CoyoteAdapter.java:525) ~[tomcat-embed-core-9.0.33.jar:9.0.33]
	at org.apache.coyote.http11.Http11Processor.recycle(Http11Processor.java:1328) ~[tomcat-embed-core-9.0.33.jar:9.0.33]
	at org.apache.coyote.AbstractProtocol$ConnectionHandler.release(AbstractProtocol.java:1071) ~[tomcat-embed-core-9.0.33.jar:9.0.33]
	at org.apache.coyote.AbstractProtocol$ConnectionHandler.process(AbstractProtocol.java:992) ~[tomcat-embed-core-9.0.33.jar:9.0.33]
	at org.apache.tomcat.util.net.NioEndpoint$SocketProcessor.doRun(NioEndpoint.java:1594) ~[tomcat-embed-core-9.0.33.jar:9.0.33]
	at org.apache.tomcat.util.net.SocketProcessorBase.run(SocketProcessorBase.java:49) ~[tomcat-embed-core-9.0.33.jar:9.0.33]
	at java.base/java.util.concurrent.ThreadPoolExecutor.runWorker(ThreadPoolExecutor.java:1130) ~[na:na]
	at java.base/java.util.concurrent.ThreadPoolExecutor$Worker.run(ThreadPoolExecutor.java:630) ~[na:na]
	at org.apache.tomcat.util.threads.TaskThread$WrappingRunnable.run(TaskThread.java:61) ~[tomcat-embed-core-9.0.33.jar:9.0.33]
	at java.base/java.lang.Thread.run(Thread.java:832) ~[na:na]